<?xml version="1.0" encoding="UTF-8"?>
<coverage generated="1781440556375" clover="3.2.0">
  <project timestamp="1781440556375" name="All files">
    <metrics statements="109" coveredstatements="105" conditionals="130" coveredconditionals="81" methods="24" coveredmethods="20" elements="263" coveredelements="206" complexity="0" loc="109" ncloc="109" packages="9" files="11" classes="11"/>
    <package name="src">
      <metrics statements="12" coveredstatements="12" conditionals="15" coveredconditionals="7" methods="1" coveredmethods="1"/>
      <file name="GifApp.tsx" path="C:\Users\sistemas\Documents\React_Estudio\gif-finder\src\GifApp.tsx">
        <metrics statements="12" coveredstatements="12" conditionals="15" coveredconditionals="7" methods="1" coveredmethods="1"/>
        <line num="25" count="1" type="stmt"/>
        <line num="40" count="1" type="cond" truecount="1" falsecount="1"/>
        <line num="43" count="1" type="stmt"/>
        <line num="45" count="1" type="stmt"/>
        <line num="48" count="1" type="cond" truecount="1" falsecount="1"/>
        <line num="51" count="1" type="stmt"/>
        <line num="54" count="1" type="cond" truecount="2" falsecount="2"/>
        <line num="57" count="1" type="stmt"/>
        <line num="61" count="1" type="cond" truecount="1" falsecount="1"/>
        <line num="64" count="1" type="stmt"/>
        <line num="65" count="1" type="cond" truecount="2" falsecount="3"/>
        <line num="66" count="1" type="stmt"/>
      </file>
    </package>
    <package name="src.counter.components">
      <metrics statements="10" coveredstatements="10" conditionals="21" coveredconditionals="13" methods="1" coveredmethods="1"/>
      <file name="MyCounterApp.tsx" path="C:\Users\sistemas\Documents\React_Estudio\gif-finder\src\counter\components\MyCounterApp.tsx">
        <metrics statements="10" coveredstatements="10" conditionals="21" coveredconditionals="13" methods="1" coveredmethods="1"/>
        <line num="14" count="10" type="stmt"/>
        <line num="21" count="10" type="cond" truecount="2" falsecount="0"/>
        <line num="24" count="10" type="cond" truecount="1" falsecount="1"/>
        <line num="25" count="10" type="cond" truecount="2" falsecount="0"/>
        <line num="26" count="10" type="cond" truecount="1" falsecount="1"/>
        <line num="27" count="10" type="cond" truecount="1" falsecount="1"/>
        <line num="28" count="10" type="cond" truecount="2" falsecount="0"/>
        <line num="29" count="10" type="cond" truecount="2" falsecount="3"/>
        <line num="30" count="10" type="cond" truecount="2" falsecount="2"/>
        <line num="31" count="10" type="stmt"/>
      </file>
    </package>
    <package name="src.counter.hooks">
      <metrics statements="13" coveredstatements="13" conditionals="14" coveredconditionals="8" methods="4" coveredmethods="4"/>
      <file name="useCounter.tsx" path="C:\Users\sistemas\Documents\React_Estudio\gif-finder\src\counter\hooks\useCounter.tsx">
        <metrics statements="13" coveredstatements="13" conditionals="14" coveredconditionals="8" methods="4" coveredmethods="4"/>
        <line num="3" count="19" type="cond" truecount="2" falsecount="0"/>
        <line num="4" count="19" type="cond" truecount="1" falsecount="1"/>
        <line num="6" count="19" type="stmt"/>
        <line num="7" count="4" type="stmt"/>
        <line num="8" count="19" type="cond" truecount="1" falsecount="1"/>
        <line num="10" count="19" type="stmt"/>
        <line num="11" count="4" type="stmt"/>
        <line num="12" count="19" type="cond" truecount="2" falsecount="0"/>
        <line num="14" count="19" type="stmt"/>
        <line num="15" count="2" type="stmt"/>
        <line num="16" count="19" type="cond" truecount="2" falsecount="4"/>
        <line num="17" count="19" type="stmt"/>
        <line num="25" count="19" type="stmt"/>
      </file>
    </package>
    <package name="src.gifs.actions">
      <metrics statements="8" coveredstatements="8" conditionals="2" coveredconditionals="2" methods="2" coveredmethods="2"/>
      <file name="get-gifs-by-query.actions.tsx" path="C:\Users\sistemas\Documents\React_Estudio\gif-finder\src\gifs\actions\get-gifs-by-query.actions.tsx">
        <metrics statements="8" coveredstatements="8" conditionals="2" coveredconditionals="2" methods="2" coveredmethods="2"/>
        <line num="16" count="3" type="stmt"/>
        <line num="18" count="6" type="stmt"/>
        <line num="19" count="6" type="cond" truecount="2" falsecount="0"/>
        <line num="20" count="1" type="stmt"/>
        <line num="23" count="5" type="stmt"/>
        <line num="31" count="100" type="stmt"/>
        <line num="39" count="1" type="stmt"/>
        <line num="40" count="1" type="stmt"/>
      </file>
    </package>
    <package name="src.gifs.api">
      <metrics statements="1" coveredstatements="1" conditionals="0" coveredconditionals="0" methods="0" coveredmethods="0"/>
      <file name="giphy.api.ts" path="C:\Users\sistemas\Documents\React_Estudio\gif-finder\src\gifs\api\giphy.api.ts">
        <metrics statements="1" coveredstatements="1" conditionals="0" coveredconditionals="0" methods="0" coveredmethods="0"/>
        <line num="16" count="4" type="stmt"/>
      </file>
    </package>
    <package name="src.gifs.components">
      <metrics statements="15" coveredstatements="13" conditionals="18" coveredconditionals="9" methods="5" coveredmethods="2"/>
      <file name="GifList.tsx" path="C:\Users\sistemas\Documents\React_Estudio\gif-finder\src\gifs\components\GifList.tsx">
        <metrics statements="5" coveredstatements="5" conditionals="4" coveredconditionals="2" methods="2" coveredmethods="1"/>
        <line num="22" count="1" type="cond" truecount="1" falsecount="1"/>
        <line num="24" count="1" type="stmt"/>
        <line num="28" count="1" type="stmt"/>
        <line num="40" count="1" type="cond" truecount="1" falsecount="1"/>
        <line num="42" count="1" type="stmt"/>
      </file>
      <file name="PreviousSearches.tsx" path="C:\Users\sistemas\Documents\React_Estudio\gif-finder\src\gifs\components\PreviousSearches.tsx">
        <metrics statements="10" coveredstatements="8" conditionals="14" coveredconditionals="7" methods="3" coveredmethods="1"/>
        <line num="6" count="1" type="cond" truecount="1" falsecount="1"/>
        <line num="8" count="1" type="stmt"/>
        <line num="9" count="1" type="cond" truecount="3" falsecount="3"/>
        <line num="10" count="1" type="stmt"/>
        <line num="11" count="1" type="stmt"/>
        <line num="12" count="0" type="stmt"/>
        <line num="13" count="0" type="stmt"/>
        <line num="15" count="1" type="cond" truecount="1" falsecount="1"/>
        <line num="16" count="1" type="cond" truecount="2" falsecount="2"/>
        <line num="17" count="1" type="stmt"/>
      </file>
    </package>
    <package name="src.gifs.hook">
      <metrics statements="22" coveredstatements="22" conditionals="23" coveredconditionals="20" methods="3" coveredmethods="3"/>
      <file name="useGifs.tsx" path="C:\Users\sistemas\Documents\React_Estudio\gif-finder\src\gifs\hook\useGifs.tsx">
        <metrics statements="22" coveredstatements="22" conditionals="23" coveredconditionals="20" methods="3" coveredmethods="3"/>
        <line num="14" count="16" type="cond" truecount="2" falsecount="0"/>
        <line num="20" count="16" type="cond" truecount="2" falsecount="0"/>
        <line num="25" count="16" type="cond" truecount="2" falsecount="0"/>
        <line num="34" count="16" type="cond" truecount="2" falsecount="0"/>
        <line num="46" count="16" type="stmt"/>
        <line num="47" count="3" type="cond" truecount="2" falsecount="0"/>
        <line num="48" count="1" type="stmt"/>
        <line num="52" count="2" type="stmt"/>
        <line num="53" count="2" type="stmt"/>
        <line num="55" count="2" type="stmt"/>
        <line num="56" count="16" type="cond" truecount="2" falsecount="0"/>
        <line num="71" count="16" type="cond" truecount="1" falsecount="1"/>
        <line num="74" count="7" type="stmt"/>
        <line num="77" count="7" type="cond" truecount="1" falsecount="1"/>
        <line num="80" count="7" type="cond" truecount="1" falsecount="1"/>
        <line num="83" count="7" type="stmt"/>
        <line num="86" count="7" type="stmt"/>
        <line num="89" count="7" type="stmt"/>
        <line num="92" count="7" type="stmt"/>
        <line num="93" count="16" type="cond" truecount="5" falsecount="0"/>
        <line num="95" count="15" type="stmt"/>
        <line num="103" count="16" type="stmt"/>
      </file>
    </package>
    <package name="src.shared.components">
      <metrics statements="27" coveredstatements="25" conditionals="37" coveredconditionals="22" methods="8" coveredmethods="7"/>
      <file name="CustosHeader.tsx" path="C:\Users\sistemas\Documents\React_Estudio\gif-finder\src\shared\components\CustosHeader.tsx">
        <metrics statements="5" coveredstatements="5" conditionals="10" coveredconditionals="6" methods="1" coveredmethods="1"/>
        <line num="15" count="4" type="cond" truecount="1" falsecount="1"/>
        <line num="17" count="4" type="stmt"/>
        <line num="18" count="4" type="cond" truecount="1" falsecount="1"/>
        <line num="20" count="4" type="cond" truecount="4" falsecount="2"/>
        <line num="22" count="4" type="stmt"/>
      </file>
      <file name="SearchBar.tsx" path="C:\Users\sistemas\Documents\React_Estudio\gif-finder\src\shared\components\SearchBar.tsx">
        <metrics statements="22" coveredstatements="20" conditionals="27" coveredconditionals="16" methods="7" coveredmethods="6"/>
        <line num="17" count="12" type="cond" truecount="2" falsecount="0"/>
        <line num="23" count="12" type="cond" truecount="3" falsecount="1"/>
        <line num="34" count="12" type="stmt"/>
        <line num="35" count="12" type="stmt"/>
        <line num="36" count="2" type="stmt"/>
        <line num="37" count="2" type="stmt"/>
        <line num="38" count="12" type="stmt"/>
        <line num="41" count="12" type="stmt"/>
        <line num="43" count="12" type="cond" truecount="3" falsecount="1"/>
        <line num="48" count="12" type="stmt"/>
        <line num="49" count="1" type="stmt"/>
        <line num="50" count="12" type="cond" truecount="1" falsecount="1"/>
        <line num="56" count="12" type="stmt"/>
        <line num="57" count="0" type="cond" truecount="0" falsecount="2"/>
        <line num="58" count="0" type="stmt"/>
        <line num="60" count="12" type="cond" truecount="2" falsecount="0"/>
        <line num="63" count="12" type="stmt"/>
        <line num="64" count="12" type="stmt"/>
        <line num="68" count="12" type="cond" truecount="2" falsecount="3"/>
        <line num="70" count="12" type="cond" truecount="1" falsecount="1"/>
        <line num="71" count="12" type="cond" truecount="2" falsecount="2"/>
        <line num="72" count="12" type="stmt"/>
      </file>
    </package>
    <package name="test.mock">
      <metrics statements="1" coveredstatements="1" conditionals="0" coveredconditionals="0" methods="0" coveredmethods="0"/>
      <file name="giphy.response.data.ts" path="C:\Users\sistemas\Documents\React_Estudio\gif-finder\test\mock\giphy.response.data.ts">
        <metrics statements="1" coveredstatements="1" conditionals="0" coveredconditionals="0" methods="0" coveredmethods="0"/>
        <line num="1" count="1" type="stmt"/>
      </file>
    </package>
  </project>
</coverage>
