{"C:\\Users\\sistemas\\Documents\\React_Estudio\\gif-finder\\src\\GifApp.tsx": {"path":"C:\\Users\\sistemas\\Documents\\React_Estudio\\gif-finder\\src\\GifApp.tsx","statementMap":{"0":{"start":{"line":25,"column":13},"end":{"line":66,"column":null}},"1":{"start":{"line":25,"column":22},"end":{"line":25,"column":null}},"2":{"start":{"line":40,"column":2},"end":{"line":40,"column":75}},"3":{"start":{"line":40,"column":75},"end":{"line":48,"column":null}},"4":{"start":{"line":45,"column":6},"end":{"line":47,"column":null}},"5":{"start":{"line":48,"column":8},"end":{"line":48,"column":null}},"6":{"start":{"line":48,"column":8},"end":{"line":54,"column":null}},"7":{"start":{"line":51,"column":6},"end":{"line":53,"column":null}},"8":{"start":{"line":54,"column":8},"end":{"line":54,"column":null}},"9":{"start":{"line":54,"column":8},"end":{"line":61,"column":null}},"10":{"start":{"line":57,"column":6},"end":{"line":60,"column":null}},"11":{"start":{"line":61,"column":8},"end":{"line":61,"column":null}},"12":{"start":{"line":61,"column":8},"end":{"line":65,"column":null}},"13":{"start":{"line":64,"column":6},"end":{"line":64,"column":null}},"14":{"start":{"line":65,"column":8},"end":{"line":65,"column":null}},"15":{"start":{"line":65,"column":8},"end":{"line":66,"column":null}},"16":{"start":{"line":43,"column":4},"end":{"line":65,"column":null}},"17":{"start":{"line":66,"column":7},"end":{"line":66,"column":null}},"18":{"start":{"line":66,"column":7},"end":{"line":43,"column":null}}},"fnMap":{"0":{"name":"(anonymous_0)","decl":{"start":{"line":25,"column":13},"end":{"line":25,"column":22}},"loc":{"start":{"line":25,"column":22},"end":{"line":66,"column":null}},"line":25}},"branchMap":{"0":{"loc":{"start":{"line":40,"column":75},"end":{"line":48,"column":null}},"type":"if","locations":[{"start":{"line":40,"column":75},"end":{"line":48,"column":null}},{"start":{"line":48,"column":8},"end":{"line":48,"column":null}}],"line":40},"1":{"loc":{"start":{"line":48,"column":8},"end":{"line":54,"column":null}},"type":"if","locations":[{"start":{"line":48,"column":8},"end":{"line":54,"column":null}},{"start":{"line":54,"column":8},"end":{"line":54,"column":null}}],"line":48},"2":{"loc":{"start":{"line":54,"column":8},"end":{"line":61,"column":null}},"type":"if","locations":[{"start":{"line":54,"column":8},"end":{"line":61,"column":null}},{"start":{"line":61,"column":8},"end":{"line":61,"column":null}}],"line":54},"3":{"loc":{"start":{"line":54,"column":8},"end":{"line":54,"column":null}},"type":"binary-expr","locations":[{"start":{"line":54,"column":8},"end":{"line":54,"column":null}},{"start":{"line":54,"column":8},"end":{"line":54,"column":null}}],"line":54},"4":{"loc":{"start":{"line":61,"column":8},"end":{"line":65,"column":null}},"type":"if","locations":[{"start":{"line":61,"column":8},"end":{"line":65,"column":null}},{"start":{"line":65,"column":8},"end":{"line":65,"column":null}}],"line":61},"5":{"loc":{"start":{"line":65,"column":8},"end":{"line":66,"column":null}},"type":"if","locations":[{"start":{"line":65,"column":8},"end":{"line":66,"column":null}},{"start":{"line":66,"column":7},"end":{"line":66,"column":null}}],"line":65},"6":{"loc":{"start":{"line":65,"column":8},"end":{"line":65,"column":null}},"type":"binary-expr","locations":[{"start":{"line":65,"column":8},"end":{"line":65,"column":null}},{"start":{"line":65,"column":8},"end":{"line":65,"column":null}},{"start":{"line":65,"column":8},"end":{"line":65,"column":null}}],"line":65}},"s":{"0":1,"1":1,"2":1,"3":1,"4":1,"5":0,"6":1,"7":1,"8":0,"9":1,"10":1,"11":0,"12":1,"13":1,"14":0,"15":1,"16":1,"17":0,"18":1},"f":{"0":1},"b":{"0":[1,0],"1":[1,0],"2":[1,0],"3":[1,0],"4":[1,0],"5":[1,0],"6":[1,0,0]},"meta":{"lastBranch":7,"lastFunction":1,"lastStatement":19,"seen":{"s:25:13:66:Infinity":0,"f:25:13:25:22":0,"s:25:22:25:Infinity":1,"s:40:2:40:75":2,"b:40:75:48:Infinity:48:8:48:Infinity":0,"s:40:75:48:Infinity":3,"s:45:6:47:Infinity":4,"s:48:8:48:Infinity":5,"b:48:8:54:Infinity:54:8:54:Infinity":1,"s:48:8:54:Infinity":6,"s:51:6:53:Infinity":7,"s:54:8:54:Infinity":8,"b:54:8:61:Infinity:61:8:61:Infinity":2,"s:54:8:61:Infinity":9,"b:54:8:54:Infinity:54:8:54:Infinity":3,"s:57:6:60:Infinity":10,"s:61:8:61:Infinity":11,"b:61:8:65:Infinity:65:8:65:Infinity":4,"s:61:8:65:Infinity":12,"s:64:6:64:Infinity":13,"s:65:8:65:Infinity":14,"b:65:8:66:Infinity:66:7:66:Infinity":5,"s:65:8:66:Infinity":15,"b:65:8:65:Infinity:65:8:65:Infinity:65:8:65:Infinity":6,"s:43:4:65:Infinity":16,"s:66:7:66:Infinity":17,"s:66:7:43:Infinity":18},"fnNames":{}}}
,"C:\\Users\\sistemas\\Documents\\React_Estudio\\gif-finder\\src\\counter\\components\\MyCounterApp.tsx": {"path":"C:\\Users\\sistemas\\Documents\\React_Estudio\\gif-finder\\src\\counter\\components\\MyCounterApp.tsx","statementMap":{"0":{"start":{"line":14,"column":13},"end":{"line":31,"column":null}},"1":{"start":{"line":14,"column":28},"end":{"line":14,"column":null}},"2":{"start":{"line":21,"column":2},"end":{"line":21,"column":75}},"3":{"start":{"line":21,"column":75},"end":{"line":24,"column":null}},"4":{"start":{"line":24,"column":16},"end":{"line":24,"column":82}},"5":{"start":{"line":24,"column":82},"end":{"line":24,"column":null}},"6":{"start":{"line":24,"column":82},"end":{"line":25,"column":null}},"7":{"start":{"line":25,"column":6},"end":{"line":25,"column":null}},"8":{"start":{"line":25,"column":33},"end":{"line":25,"column":null}},"9":{"start":{"line":25,"column":33},"end":{"line":26,"column":null}},"10":{"start":{"line":26,"column":18},"end":{"line":26,"column":50}},"11":{"start":{"line":26,"column":50},"end":{"line":26,"column":null}},"12":{"start":{"line":26,"column":50},"end":{"line":27,"column":null}},"13":{"start":{"line":27,"column":8},"end":{"line":27,"column":null}},"14":{"start":{"line":27,"column":47},"end":{"line":27,"column":null}},"15":{"start":{"line":27,"column":47},"end":{"line":28,"column":null}},"16":{"start":{"line":28,"column":8},"end":{"line":28,"column":null}},"17":{"start":{"line":28,"column":52},"end":{"line":28,"column":null}},"18":{"start":{"line":28,"column":52},"end":{"line":29,"column":null}},"19":{"start":{"line":29,"column":8},"end":{"line":29,"column":null}},"20":{"start":{"line":29,"column":52},"end":{"line":29,"column":null}},"21":{"start":{"line":29,"column":52},"end":{"line":30,"column":null}},"22":{"start":{"line":26,"column":6},"end":{"line":30,"column":null}},"23":{"start":{"line":30,"column":12},"end":{"line":30,"column":null}},"24":{"start":{"line":30,"column":12},"end":{"line":31,"column":null}},"25":{"start":{"line":24,"column":4},"end":{"line":31,"column":null}},"26":{"start":{"line":31,"column":10},"end":{"line":31,"column":null}},"27":{"start":{"line":31,"column":10},"end":{"line":24,"column":16}}},"fnMap":{"0":{"name":"(anonymous_0)","decl":{"start":{"line":14,"column":13},"end":{"line":14,"column":28}},"loc":{"start":{"line":14,"column":28},"end":{"line":31,"column":null}},"line":14}},"branchMap":{"0":{"loc":{"start":{"line":21,"column":75},"end":{"line":24,"column":null}},"type":"if","locations":[{"start":{"line":21,"column":75},"end":{"line":24,"column":null}},{"start":{"line":24,"column":82},"end":{"line":24,"column":null}}],"line":21},"1":{"loc":{"start":{"line":24,"column":82},"end":{"line":25,"column":null}},"type":"if","locations":[{"start":{"line":24,"column":82},"end":{"line":25,"column":null}},{"start":{"line":25,"column":33},"end":{"line":25,"column":null}}],"line":24},"2":{"loc":{"start":{"line":25,"column":33},"end":{"line":26,"column":null}},"type":"if","locations":[{"start":{"line":25,"column":33},"end":{"line":26,"column":null}},{"start":{"line":26,"column":50},"end":{"line":26,"column":null}}],"line":25},"3":{"loc":{"start":{"line":26,"column":50},"end":{"line":27,"column":null}},"type":"if","locations":[{"start":{"line":26,"column":50},"end":{"line":27,"column":null}},{"start":{"line":27,"column":47},"end":{"line":27,"column":null}}],"line":26},"4":{"loc":{"start":{"line":27,"column":47},"end":{"line":28,"column":null}},"type":"if","locations":[{"start":{"line":27,"column":47},"end":{"line":28,"column":null}},{"start":{"line":28,"column":52},"end":{"line":28,"column":null}}],"line":27},"5":{"loc":{"start":{"line":28,"column":52},"end":{"line":29,"column":null}},"type":"if","locations":[{"start":{"line":28,"column":52},"end":{"line":29,"column":null}},{"start":{"line":29,"column":52},"end":{"line":29,"column":null}}],"line":28},"6":{"loc":{"start":{"line":29,"column":52},"end":{"line":30,"column":null}},"type":"if","locations":[{"start":{"line":29,"column":52},"end":{"line":30,"column":null}},{"start":{"line":30,"column":12},"end":{"line":30,"column":null}}],"line":29},"7":{"loc":{"start":{"line":29,"column":52},"end":{"line":29,"column":null}},"type":"binary-expr","locations":[{"start":{"line":29,"column":52},"end":{"line":29,"column":null}},{"start":{"line":29,"column":52},"end":{"line":29,"column":null}},{"start":{"line":29,"column":52},"end":{"line":29,"column":null}}],"line":29},"8":{"loc":{"start":{"line":30,"column":12},"end":{"line":31,"column":null}},"type":"if","locations":[{"start":{"line":30,"column":12},"end":{"line":31,"column":null}},{"start":{"line":31,"column":10},"end":{"line":31,"column":null}}],"line":30},"9":{"loc":{"start":{"line":30,"column":12},"end":{"line":30,"column":null}},"type":"binary-expr","locations":[{"start":{"line":30,"column":12},"end":{"line":30,"column":null}},{"start":{"line":30,"column":12},"end":{"line":30,"column":null}}],"line":30}},"s":{"0":2,"1":10,"2":10,"3":10,"4":6,"5":4,"6":10,"7":10,"8":0,"9":10,"10":6,"11":4,"12":10,"13":10,"14":0,"15":10,"16":10,"17":0,"18":10,"19":6,"20":4,"21":10,"22":10,"23":0,"24":10,"25":10,"26":0,"27":10},"f":{"0":10},"b":{"0":[6,4],"1":[10,0],"2":[6,4],"3":[10,0],"4":[10,0],"5":[6,4],"6":[10,0],"7":[10,0,0],"8":[10,0],"9":[10,0]},"meta":{"lastBranch":10,"lastFunction":1,"lastStatement":28,"seen":{"s:14:13:31:Infinity":0,"f:14:13:14:28":0,"s:14:28:14:Infinity":1,"s:21:2:21:75":2,"b:21:75:24:Infinity:24:82:24:Infinity":0,"s:21:75:24:Infinity":3,"s:24:16:24:82":4,"s:24:82:24:Infinity":5,"b:24:82:25:Infinity:25:33:25:Infinity":1,"s:24:82:25:Infinity":6,"s:25:6:25:Infinity":7,"s:25:33:25:Infinity":8,"b:25:33:26:Infinity:26:50:26:Infinity":2,"s:25:33:26:Infinity":9,"s:26:18:26:50":10,"s:26:50:26:Infinity":11,"b:26:50:27:Infinity:27:47:27:Infinity":3,"s:26:50:27:Infinity":12,"s:27:8:27:Infinity":13,"s:27:47:27:Infinity":14,"b:27:47:28:Infinity:28:52:28:Infinity":4,"s:27:47:28:Infinity":15,"s:28:8:28:Infinity":16,"s:28:52:28:Infinity":17,"b:28:52:29:Infinity:29:52:29:Infinity":5,"s:28:52:29:Infinity":18,"s:29:8:29:Infinity":19,"s:29:52:29:Infinity":20,"b:29:52:30:Infinity:30:12:30:Infinity":6,"s:29:52:30:Infinity":21,"b:29:52:29:Infinity:29:52:29:Infinity:29:52:29:Infinity":7,"s:26:6:30:Infinity":22,"s:30:12:30:Infinity":23,"b:30:12:31:Infinity:31:10:31:Infinity":8,"s:30:12:31:Infinity":24,"b:30:12:30:Infinity:30:12:30:Infinity":9,"s:24:4:31:Infinity":25,"s:31:10:31:Infinity":26,"s:31:10:24:16":27},"fnNames":{}}}
,"C:\\Users\\sistemas\\Documents\\React_Estudio\\gif-finder\\src\\counter\\hooks\\useCounter.tsx": {"path":"C:\\Users\\sistemas\\Documents\\React_Estudio\\gif-finder\\src\\counter\\hooks\\useCounter.tsx","statementMap":{"0":{"start":{"line":3,"column":13},"end":{"line":25,"column":null}},"1":{"start":{"line":3,"column":26},"end":{"line":3,"column":27}},"2":{"start":{"line":3,"column":27},"end":{"line":3,"column":null}},"3":{"start":{"line":4,"column":2},"end":{"line":4,"column":54}},"4":{"start":{"line":4,"column":54},"end":{"line":8,"column":null}},"5":{"start":{"line":6,"column":20},"end":{"line":7,"column":null}},"6":{"start":{"line":7,"column":4},"end":{"line":7,"column":27}},"7":{"start":{"line":8,"column":3},"end":{"line":8,"column":null}},"8":{"start":{"line":6,"column":20},"end":{"line":6,"column":null}},"9":{"start":{"line":8,"column":3},"end":{"line":12,"column":null}},"10":{"start":{"line":10,"column":25},"end":{"line":11,"column":null}},"11":{"start":{"line":11,"column":4},"end":{"line":11,"column":27}},"12":{"start":{"line":12,"column":3},"end":{"line":12,"column":null}},"13":{"start":{"line":10,"column":25},"end":{"line":10,"column":null}},"14":{"start":{"line":12,"column":3},"end":{"line":16,"column":null}},"15":{"start":{"line":14,"column":22},"end":{"line":15,"column":null}},"16":{"start":{"line":15,"column":4},"end":{"line":15,"column":28}},"17":{"start":{"line":16,"column":3},"end":{"line":16,"column":null}},"18":{"start":{"line":14,"column":22},"end":{"line":14,"column":null}},"19":{"start":{"line":16,"column":3},"end":{"line":25,"column":null}},"20":{"start":{"line":17,"column":9},"end":{"line":25,"column":3}},"21":{"start":{"line":25,"column":3},"end":{"line":25,"column":null}},"22":{"start":{"line":25,"column":3},"end":{"line":17,"column":null}}},"fnMap":{"0":{"name":"(anonymous_0)","decl":{"start":{"line":3,"column":13},"end":{"line":3,"column":26}},"loc":{"start":{"line":3,"column":26},"end":{"line":25,"column":null}},"line":3},"1":{"name":"(anonymous_1)","decl":{"start":{"line":6,"column":20},"end":{"line":6,"column":null}},"loc":{"start":{"line":6,"column":20},"end":{"line":7,"column":null}},"line":6},"2":{"name":"(anonymous_2)","decl":{"start":{"line":10,"column":25},"end":{"line":10,"column":null}},"loc":{"start":{"line":10,"column":25},"end":{"line":11,"column":null}},"line":10},"3":{"name":"(anonymous_3)","decl":{"start":{"line":14,"column":22},"end":{"line":14,"column":null}},"loc":{"start":{"line":14,"column":22},"end":{"line":15,"column":null}},"line":14}},"branchMap":{"0":{"loc":{"start":{"line":3,"column":27},"end":{"line":3,"column":null}},"type":"cond-expr","locations":[{"start":{"line":3,"column":27},"end":{"line":3,"column":null}},{"start":{"line":3,"column":27},"end":{"line":3,"column":null}}],"line":3},"1":{"loc":{"start":{"line":4,"column":54},"end":{"line":8,"column":null}},"type":"if","locations":[{"start":{"line":4,"column":54},"end":{"line":8,"column":null}},{"start":{"line":8,"column":3},"end":{"line":8,"column":null}}],"line":4},"2":{"loc":{"start":{"line":8,"column":3},"end":{"line":12,"column":null}},"type":"if","locations":[{"start":{"line":8,"column":3},"end":{"line":12,"column":null}},{"start":{"line":12,"column":3},"end":{"line":12,"column":null}}],"line":8},"3":{"loc":{"start":{"line":12,"column":3},"end":{"line":16,"column":null}},"type":"if","locations":[{"start":{"line":12,"column":3},"end":{"line":16,"column":null}},{"start":{"line":16,"column":3},"end":{"line":16,"column":null}}],"line":12},"4":{"loc":{"start":{"line":16,"column":3},"end":{"line":25,"column":null}},"type":"if","locations":[{"start":{"line":16,"column":3},"end":{"line":25,"column":null}},{"start":{"line":25,"column":3},"end":{"line":25,"column":null}}],"line":16},"5":{"loc":{"start":{"line":16,"column":3},"end":{"line":16,"column":null}},"type":"binary-expr","locations":[{"start":{"line":16,"column":3},"end":{"line":16,"column":null}},{"start":{"line":16,"column":3},"end":{"line":16,"column":null}},{"start":{"line":16,"column":3},"end":{"line":16,"column":null}},{"start":{"line":16,"column":3},"end":{"line":16,"column":null}}],"line":16}},"s":{"0":2,"1":19,"2":19,"3":19,"4":19,"5":19,"6":4,"7":0,"8":19,"9":19,"10":19,"11":4,"12":0,"13":19,"14":19,"15":9,"16":2,"17":10,"18":19,"19":19,"20":19,"21":0,"22":19},"f":{"0":19,"1":4,"2":4,"3":2},"b":{"0":[10,9],"1":[19,0],"2":[19,0],"3":[9,10],"4":[19,0],"5":[19,0,0,0]},"meta":{"lastBranch":6,"lastFunction":4,"lastStatement":23,"seen":{"s:3:13:25:Infinity":0,"f:3:13:3:26":0,"s:3:26:3:27":1,"s:3:27:3:Infinity":2,"b:3:27:3:Infinity:3:27:3:Infinity":0,"s:4:2:4:54":3,"b:4:54:8:Infinity:8:3:8:Infinity":1,"s:4:54:8:Infinity":4,"s:6:20:7:Infinity":5,"f:6:20:6:Infinity":1,"s:7:4:7:27":6,"s:8:3:8:Infinity":7,"s:6:20:6:Infinity":8,"b:8:3:12:Infinity:12:3:12:Infinity":2,"s:8:3:12:Infinity":9,"s:10:25:11:Infinity":10,"f:10:25:10:Infinity":2,"s:11:4:11:27":11,"s:12:3:12:Infinity":12,"s:10:25:10:Infinity":13,"b:12:3:16:Infinity:16:3:16:Infinity":3,"s:12:3:16:Infinity":14,"s:14:22:15:Infinity":15,"f:14:22:14:Infinity":3,"s:15:4:15:28":16,"s:16:3:16:Infinity":17,"s:14:22:14:Infinity":18,"b:16:3:25:Infinity:25:3:25:Infinity":4,"s:16:3:25:Infinity":19,"b:16:3:16:Infinity:16:3:16:Infinity:16:3:16:Infinity:16:3:16:Infinity":5,"s:17:9:25:3":20,"s:25:3:25:Infinity":21,"s:25:3:17:Infinity":22},"fnNames":{}}}
,"C:\\Users\\sistemas\\Documents\\React_Estudio\\gif-finder\\src\\gifs\\actions\\get-gifs-by-query.actions.tsx": {"path":"C:\\Users\\sistemas\\Documents\\React_Estudio\\gif-finder\\src\\gifs\\actions\\get-gifs-by-query.actions.tsx","statementMap":{"0":{"start":{"line":16,"column":30},"end":{"line":43,"column":null}},"1":{"start":{"line":18,"column":2},"end":{"line":41,"column":null}},"2":{"start":{"line":19,"column":4},"end":{"line":21,"column":null}},"3":{"start":{"line":20,"column":6},"end":{"line":20,"column":null}},"4":{"start":{"line":23,"column":21},"end":{"line":28,"column":null}},"5":{"start":{"line":31,"column":4},"end":{"line":37,"column":null}},"6":{"start":{"line":31,"column":44},"end":{"line":37,"column":6}},"7":{"start":{"line":39,"column":4},"end":{"line":39,"column":null}},"8":{"start":{"line":40,"column":4},"end":{"line":40,"column":null}}},"fnMap":{"0":{"name":"(anonymous_0)","decl":{"start":{"line":16,"column":30},"end":{"line":16,"column":37}},"loc":{"start":{"line":16,"column":71},"end":{"line":43,"column":null}},"line":16},"1":{"name":"(anonymous_1)","decl":{"start":{"line":31,"column":30},"end":{"line":31,"column":35}},"loc":{"start":{"line":31,"column":44},"end":{"line":37,"column":6}},"line":31}},"branchMap":{"0":{"loc":{"start":{"line":19,"column":4},"end":{"line":21,"column":null}},"type":"if","locations":[{"start":{"line":19,"column":4},"end":{"line":21,"column":null}},{"start":{},"end":{}}],"line":19}},"s":{"0":3,"1":6,"2":6,"3":1,"4":5,"5":4,"6":100,"7":1,"8":1},"f":{"0":6,"1":100},"b":{"0":[1,5]},"meta":{"lastBranch":1,"lastFunction":2,"lastStatement":9,"seen":{"s:16:30:43:Infinity":0,"f:16:30:16:37":0,"s:18:2:41:Infinity":1,"b:19:4:21:Infinity:undefined:undefined:undefined:undefined":0,"s:19:4:21:Infinity":2,"s:20:6:20:Infinity":3,"s:23:21:28:Infinity":4,"s:31:4:37:Infinity":5,"f:31:30:31:35":1,"s:31:44:37:6":6,"s:39:4:39:Infinity":7,"s:40:4:40:Infinity":8},"fnNames":{}}}
,"C:\\Users\\sistemas\\Documents\\React_Estudio\\gif-finder\\src\\gifs\\api\\giphy.api.ts": {"path":"C:\\Users\\sistemas\\Documents\\React_Estudio\\gif-finder\\src\\gifs\\api\\giphy.api.ts","statementMap":{"0":{"start":{"line":16,"column":24},"end":{"line":22,"column":null}}},"fnMap":{},"branchMap":{},"s":{"0":4},"f":{},"b":{},"meta":{"lastBranch":0,"lastFunction":0,"lastStatement":1,"seen":{"s:16:24:22:Infinity":0},"fnNames":{}}}
,"C:\\Users\\sistemas\\Documents\\React_Estudio\\gif-finder\\src\\gifs\\components\\GifList.tsx": {"path":"C:\\Users\\sistemas\\Documents\\React_Estudio\\gif-finder\\src\\gifs\\components\\GifList.tsx","statementMap":{"0":{"start":{"line":22,"column":13},"end":{"line":42,"column":null}},"1":{"start":{"line":22,"column":23},"end":{"line":22,"column":24}},"2":{"start":{"line":22,"column":24},"end":{"line":22,"column":39}},"3":{"start":{"line":22,"column":39},"end":{"line":40,"column":null}},"4":{"start":{"line":28,"column":8},"end":{"line":40,"column":10}},"5":{"start":{"line":40,"column":10},"end":{"line":40,"column":null}},"6":{"start":{"line":40,"column":10},"end":{"line":42,"column":null}},"7":{"start":{"line":24,"column":4},"end":{"line":42,"column":null}},"8":{"start":{"line":42,"column":10},"end":{"line":42,"column":null}},"9":{"start":{"line":42,"column":10},"end":{"line":24,"column":19}},"10":{"start":{"line":22,"column":23},"end":{"line":39,"column":null}}},"fnMap":{"0":{"name":"(anonymous_0)","decl":{"start":{"line":22,"column":13},"end":{"line":22,"column":23}},"loc":{"start":{"line":22,"column":23},"end":{"line":42,"column":null}},"line":22},"1":{"name":"_temp","decl":{"start":{"line":22,"column":23},"end":{"line":22,"column":24}},"loc":{"start":{"line":22,"column":23},"end":{"line":39,"column":null}},"line":22}},"branchMap":{"0":{"loc":{"start":{"line":22,"column":39},"end":{"line":40,"column":null}},"type":"if","locations":[{"start":{"line":22,"column":39},"end":{"line":40,"column":null}},{"start":{"line":40,"column":10},"end":{"line":40,"column":null}}],"line":22},"1":{"loc":{"start":{"line":40,"column":10},"end":{"line":42,"column":null}},"type":"if","locations":[{"start":{"line":40,"column":10},"end":{"line":42,"column":null}},{"start":{"line":42,"column":10},"end":{"line":42,"column":null}}],"line":40}},"s":{"0":1,"1":1,"2":1,"3":1,"4":1,"5":0,"6":1,"7":1,"8":0,"9":1,"10":0},"f":{"0":1,"1":0},"b":{"0":[1,0],"1":[1,0]},"meta":{"lastBranch":2,"lastFunction":2,"lastStatement":11,"seen":{"s:22:13:42:Infinity":0,"f:22:13:22:23":0,"s:22:23:22:24":1,"s:22:24:22:39":2,"b:22:39:40:Infinity:40:10:40:Infinity":0,"s:22:39:40:Infinity":3,"s:28:8:40:10":4,"s:40:10:40:Infinity":5,"b:40:10:42:Infinity:42:10:42:Infinity":1,"s:40:10:42:Infinity":6,"s:24:4:42:Infinity":7,"s:42:10:42:Infinity":8,"s:42:10:24:19":9,"f:22:23:22:24":1,"s:22:23:39:Infinity":10},"fnNames":{}}}
,"C:\\Users\\sistemas\\Documents\\React_Estudio\\gif-finder\\src\\gifs\\components\\PreviousSearches.tsx": {"path":"C:\\Users\\sistemas\\Documents\\React_Estudio\\gif-finder\\src\\gifs\\components\\PreviousSearches.tsx","statementMap":{"0":{"start":{"line":6,"column":13},"end":{"line":17,"column":null}},"1":{"start":{"line":6,"column":32},"end":{"line":6,"column":33}},"2":{"start":{"line":6,"column":33},"end":{"line":6,"column":75}},"3":{"start":{"line":6,"column":75},"end":{"line":9,"column":null}},"4":{"start":{"line":9,"column":6},"end":{"line":9,"column":null}},"5":{"start":{"line":9,"column":22},"end":{"line":9,"column":null}},"6":{"start":{"line":9,"column":22},"end":{"line":15,"column":null}},"7":{"start":{"line":9,"column":22},"end":{"line":15,"column":10}},"8":{"start":{"line":11,"column":22},"end":{"line":14,"column":null}},"9":{"start":{"line":12,"column":10},"end":{"line":14,"column":null}},"10":{"start":{"line":13,"column":27},"end":{"line":13,"column":null}},"11":{"start":{"line":15,"column":9},"end":{"line":15,"column":10}},"12":{"start":{"line":11,"column":9},"end":{"line":15,"column":10}},"13":{"start":{"line":15,"column":10},"end":{"line":15,"column":null}},"14":{"start":{"line":15,"column":10},"end":{"line":16,"column":null}},"15":{"start":{"line":10,"column":6},"end":{"line":16,"column":null}},"16":{"start":{"line":16,"column":11},"end":{"line":16,"column":null}},"17":{"start":{"line":16,"column":11},"end":{"line":17,"column":null}},"18":{"start":{"line":8,"column":4},"end":{"line":17,"column":null}},"19":{"start":{"line":17,"column":10},"end":{"line":17,"column":null}},"20":{"start":{"line":17,"column":10},"end":{"line":8,"column":19}}},"fnMap":{"0":{"name":"(anonymous_0)","decl":{"start":{"line":6,"column":13},"end":{"line":6,"column":32}},"loc":{"start":{"line":6,"column":32},"end":{"line":17,"column":null}},"line":6},"1":{"name":"(anonymous_1)","decl":{"start":{"line":11,"column":22},"end":{"line":11,"column":null}},"loc":{"start":{"line":12,"column":10},"end":{"line":14,"column":null}},"line":12},"2":{"name":"(anonymous_2)","decl":{"start":{"line":13,"column":21},"end":{"line":13,"column":27}},"loc":{"start":{"line":13,"column":27},"end":{"line":13,"column":null}},"line":13}},"branchMap":{"0":{"loc":{"start":{"line":6,"column":75},"end":{"line":9,"column":null}},"type":"if","locations":[{"start":{"line":6,"column":75},"end":{"line":9,"column":null}},{"start":{"line":9,"column":22},"end":{"line":9,"column":null}}],"line":6},"1":{"loc":{"start":{"line":9,"column":22},"end":{"line":15,"column":null}},"type":"if","locations":[{"start":{"line":9,"column":22},"end":{"line":15,"column":null}},{"start":{"line":15,"column":10},"end":{"line":15,"column":null}}],"line":9},"2":{"loc":{"start":{"line":9,"column":22},"end":{"line":9,"column":null}},"type":"binary-expr","locations":[{"start":{"line":9,"column":22},"end":{"line":9,"column":null}},{"start":{"line":9,"column":22},"end":{"line":9,"column":null}}],"line":9},"3":{"loc":{"start":{"line":9,"column":22},"end":{"line":15,"column":10}},"type":"if","locations":[{"start":{"line":9,"column":22},"end":{"line":15,"column":10}},{"start":{"line":15,"column":9},"end":{"line":15,"column":10}}],"line":9},"4":{"loc":{"start":{"line":15,"column":10},"end":{"line":16,"column":null}},"type":"if","locations":[{"start":{"line":15,"column":10},"end":{"line":16,"column":null}},{"start":{"line":16,"column":11},"end":{"line":16,"column":null}}],"line":15},"5":{"loc":{"start":{"line":16,"column":11},"end":{"line":17,"column":null}},"type":"if","locations":[{"start":{"line":16,"column":11},"end":{"line":17,"column":null}},{"start":{"line":17,"column":10},"end":{"line":17,"column":null}}],"line":16},"6":{"loc":{"start":{"line":16,"column":11},"end":{"line":16,"column":null}},"type":"binary-expr","locations":[{"start":{"line":16,"column":11},"end":{"line":16,"column":null}},{"start":{"line":16,"column":11},"end":{"line":16,"column":null}}],"line":16}},"s":{"0":1,"1":1,"2":1,"3":1,"4":1,"5":0,"6":1,"7":1,"8":1,"9":0,"10":0,"11":0,"12":1,"13":0,"14":1,"15":1,"16":0,"17":1,"18":1,"19":0,"20":1},"f":{"0":1,"1":0,"2":0},"b":{"0":[1,0],"1":[1,0],"2":[1,0],"3":[1,0],"4":[1,0],"5":[1,0],"6":[1,0]},"meta":{"lastBranch":7,"lastFunction":3,"lastStatement":21,"seen":{"s:6:13:17:Infinity":0,"f:6:13:6:32":0,"s:6:32:6:33":1,"s:6:33:6:75":2,"b:6:75:9:Infinity:9:22:9:Infinity":0,"s:6:75:9:Infinity":3,"s:9:6:9:Infinity":4,"s:9:22:9:Infinity":5,"b:9:22:15:Infinity:15:10:15:Infinity":1,"s:9:22:15:Infinity":6,"b:9:22:9:Infinity:9:22:9:Infinity":2,"b:9:22:15:10:15:9:15:10":3,"s:9:22:15:10":7,"s:11:22:14:Infinity":8,"f:11:22:11:Infinity":1,"s:12:10:14:Infinity":9,"f:13:21:13:27":2,"s:13:27:13:Infinity":10,"s:15:9:15:10":11,"s:11:9:15:10":12,"s:15:10:15:Infinity":13,"b:15:10:16:Infinity:16:11:16:Infinity":4,"s:15:10:16:Infinity":14,"s:10:6:16:Infinity":15,"s:16:11:16:Infinity":16,"b:16:11:17:Infinity:17:10:17:Infinity":5,"s:16:11:17:Infinity":17,"b:16:11:16:Infinity:16:11:16:Infinity":6,"s:8:4:17:Infinity":18,"s:17:10:17:Infinity":19,"s:17:10:8:19":20},"fnNames":{}}}
,"C:\\Users\\sistemas\\Documents\\React_Estudio\\gif-finder\\src\\gifs\\hook\\useGifs.tsx": {"path":"C:\\Users\\sistemas\\Documents\\React_Estudio\\gif-finder\\src\\gifs\\hook\\useGifs.tsx","statementMap":{"0":{"start":{"line":14,"column":13},"end":{"line":103,"column":null}},"1":{"start":{"line":14,"column":23},"end":{"line":14,"column":null}},"2":{"start":{"line":14,"column":23},"end":{"line":20,"column":45}},"3":{"start":{"line":20,"column":42},"end":{"line":20,"column":44}},"4":{"start":{"line":20,"column":44},"end":{"line":20,"column":45}},"5":{"start":{"line":20,"column":2},"end":{"line":20,"column":45}},"6":{"start":{"line":20,"column":45},"end":{"line":25,"column":65}},"7":{"start":{"line":25,"column":62},"end":{"line":25,"column":64}},"8":{"start":{"line":25,"column":64},"end":{"line":25,"column":65}},"9":{"start":{"line":25,"column":2},"end":{"line":25,"column":65}},"10":{"start":{"line":25,"column":65},"end":{"line":34,"column":53}},"11":{"start":{"line":34,"column":50},"end":{"line":34,"column":52}},"12":{"start":{"line":34,"column":52},"end":{"line":34,"column":53}},"13":{"start":{"line":34,"column":2},"end":{"line":34,"column":53}},"14":{"start":{"line":34,"column":53},"end":{"line":56,"column":null}},"15":{"start":{"line":46,"column":28},"end":{"line":55,"column":30}},"16":{"start":{"line":47,"column":4},"end":{"line":48,"column":null}},"17":{"start":{"line":48,"column":6},"end":{"line":48,"column":38}},"18":{"start":{"line":48,"column":38},"end":{"line":48,"column":null}},"19":{"start":{"line":52,"column":17},"end":{"line":52,"column":null}},"20":{"start":{"line":53,"column":4},"end":{"line":53,"column":null}},"21":{"start":{"line":55,"column":4},"end":{"line":55,"column":null}},"22":{"start":{"line":56,"column":3},"end":{"line":56,"column":null}},"23":{"start":{"line":46,"column":28},"end":{"line":46,"column":null}},"24":{"start":{"line":56,"column":3},"end":{"line":93,"column":null}},"25":{"start":{"line":71,"column":23},"end":{"line":92,"column":31}},"26":{"start":{"line":71,"column":30},"end":{"line":71,"column":null}},"27":{"start":{"line":74,"column":4},"end":{"line":74,"column":null}},"28":{"start":{"line":77,"column":4},"end":{"line":77,"column":null}},"29":{"start":{"line":77,"column":26},"end":{"line":77,"column":null}},"30":{"start":{"line":80,"column":4},"end":{"line":80,"column":null}},"31":{"start":{"line":80,"column":36},"end":{"line":80,"column":null}},"32":{"start":{"line":83,"column":4},"end":{"line":83,"column":null}},"33":{"start":{"line":86,"column":17},"end":{"line":86,"column":null}},"34":{"start":{"line":89,"column":4},"end":{"line":89,"column":null}},"35":{"start":{"line":92,"column":4},"end":{"line":92,"column":null}},"36":{"start":{"line":93,"column":3},"end":{"line":93,"column":null}},"37":{"start":{"line":71,"column":23},"end":{"line":71,"column":30}},"38":{"start":{"line":93,"column":3},"end":{"line":103,"column":null}},"39":{"start":{"line":95,"column":9},"end":{"line":103,"column":3}},"40":{"start":{"line":103,"column":3},"end":{"line":103,"column":null}},"41":{"start":{"line":103,"column":3},"end":{"line":95,"column":null}}},"fnMap":{"0":{"name":"(anonymous_0)","decl":{"start":{"line":14,"column":13},"end":{"line":14,"column":23}},"loc":{"start":{"line":14,"column":23},"end":{"line":103,"column":null}},"line":14},"1":{"name":"(anonymous_1)","decl":{"start":{"line":46,"column":28},"end":{"line":46,"column":null}},"loc":{"start":{"line":46,"column":28},"end":{"line":55,"column":30}},"line":46},"2":{"name":"(anonymous_2)","decl":{"start":{"line":71,"column":23},"end":{"line":71,"column":30}},"loc":{"start":{"line":71,"column":23},"end":{"line":92,"column":31}},"line":71}},"branchMap":{"0":{"loc":{"start":{"line":14,"column":23},"end":{"line":20,"column":45}},"type":"if","locations":[{"start":{"line":14,"column":23},"end":{"line":20,"column":45}},{"start":{"line":20,"column":44},"end":{"line":20,"column":45}}],"line":14},"1":{"loc":{"start":{"line":20,"column":45},"end":{"line":25,"column":65}},"type":"if","locations":[{"start":{"line":20,"column":45},"end":{"line":25,"column":65}},{"start":{"line":25,"column":64},"end":{"line":25,"column":65}}],"line":20},"2":{"loc":{"start":{"line":25,"column":65},"end":{"line":34,"column":53}},"type":"if","locations":[{"start":{"line":25,"column":65},"end":{"line":34,"column":53}},{"start":{"line":34,"column":52},"end":{"line":34,"column":53}}],"line":25},"3":{"loc":{"start":{"line":34,"column":53},"end":{"line":56,"column":null}},"type":"if","locations":[{"start":{"line":34,"column":53},"end":{"line":56,"column":null}},{"start":{"line":56,"column":3},"end":{"line":56,"column":null}}],"line":34},"4":{"loc":{"start":{"line":47,"column":4},"end":{"line":48,"column":null}},"type":"if","locations":[{"start":{"line":47,"column":4},"end":{"line":48,"column":null}},{"start":{},"end":{}}],"line":47},"5":{"loc":{"start":{"line":56,"column":3},"end":{"line":93,"column":null}},"type":"if","locations":[{"start":{"line":56,"column":3},"end":{"line":93,"column":null}},{"start":{"line":93,"column":3},"end":{"line":93,"column":null}}],"line":56},"6":{"loc":{"start":{"line":71,"column":30},"end":{"line":71,"column":null}},"type":"cond-expr","locations":[{"start":{"line":71,"column":30},"end":{"line":71,"column":null}},{"start":{"line":71,"column":30},"end":{"line":71,"column":null}}],"line":71},"7":{"loc":{"start":{"line":77,"column":4},"end":{"line":77,"column":null}},"type":"if","locations":[{"start":{"line":77,"column":4},"end":{"line":77,"column":null}},{"start":{},"end":{}}],"line":77},"8":{"loc":{"start":{"line":80,"column":4},"end":{"line":80,"column":null}},"type":"if","locations":[{"start":{"line":80,"column":4},"end":{"line":80,"column":null}},{"start":{},"end":{}}],"line":80},"9":{"loc":{"start":{"line":93,"column":3},"end":{"line":103,"column":null}},"type":"if","locations":[{"start":{"line":93,"column":3},"end":{"line":103,"column":null}},{"start":{"line":103,"column":3},"end":{"line":103,"column":null}}],"line":93},"10":{"loc":{"start":{"line":93,"column":3},"end":{"line":93,"column":null}},"type":"binary-expr","locations":[{"start":{"line":93,"column":3},"end":{"line":93,"column":null}},{"start":{"line":93,"column":3},"end":{"line":93,"column":null}},{"start":{"line":93,"column":3},"end":{"line":93,"column":null}}],"line":93}},"s":{"0":2,"1":16,"2":16,"3":6,"4":10,"5":16,"6":16,"7":6,"8":10,"9":16,"10":16,"11":6,"12":10,"13":16,"14":16,"15":6,"16":3,"17":1,"18":1,"19":2,"20":2,"21":2,"22":10,"23":16,"24":16,"25":13,"26":7,"27":7,"28":7,"29":0,"30":7,"31":0,"32":7,"33":7,"34":7,"35":7,"36":3,"37":16,"38":16,"39":15,"40":1,"41":16},"f":{"0":16,"1":3,"2":7},"b":{"0":[6,10],"1":[6,10],"2":[6,10],"3":[6,10],"4":[1,2],"5":[13,3],"6":[0,7],"7":[0,7],"8":[0,7],"9":[15,1],"10":[16,6,1]},"meta":{"lastBranch":11,"lastFunction":3,"lastStatement":42,"seen":{"s:14:13:103:Infinity":0,"f:14:13:14:23":0,"s:14:23:14:Infinity":1,"b:14:23:20:45:20:44:20:45":0,"s:14:23:20:45":2,"s:20:42:20:44":3,"s:20:44:20:45":4,"s:20:2:20:45":5,"b:20:45:25:65:25:64:25:65":1,"s:20:45:25:65":6,"s:25:62:25:64":7,"s:25:64:25:65":8,"s:25:2:25:65":9,"b:25:65:34:53:34:52:34:53":2,"s:25:65:34:53":10,"s:34:50:34:52":11,"s:34:52:34:53":12,"s:34:2:34:53":13,"b:34:53:56:Infinity:56:3:56:Infinity":3,"s:34:53:56:Infinity":14,"s:46:28:55:30":15,"f:46:28:46:Infinity":1,"b:47:4:48:Infinity:undefined:undefined:undefined:undefined":4,"s:47:4:48:Infinity":16,"s:48:6:48:38":17,"s:48:38:48:Infinity":18,"s:52:17:52:Infinity":19,"s:53:4:53:Infinity":20,"s:55:4:55:Infinity":21,"s:56:3:56:Infinity":22,"s:46:28:46:Infinity":23,"b:56:3:93:Infinity:93:3:93:Infinity":5,"s:56:3:93:Infinity":24,"s:71:23:92:31":25,"f:71:23:71:30":2,"s:71:30:71:Infinity":26,"b:71:30:71:Infinity:71:30:71:Infinity":6,"s:74:4:74:Infinity":27,"b:77:4:77:Infinity:undefined:undefined:undefined:undefined":7,"s:77:4:77:Infinity":28,"s:77:26:77:Infinity":29,"b:80:4:80:Infinity:undefined:undefined:undefined:undefined":8,"s:80:4:80:Infinity":30,"s:80:36:80:Infinity":31,"s:83:4:83:Infinity":32,"s:86:17:86:Infinity":33,"s:89:4:89:Infinity":34,"s:92:4:92:Infinity":35,"s:93:3:93:Infinity":36,"s:71:23:71:30":37,"b:93:3:103:Infinity:103:3:103:Infinity":9,"s:93:3:103:Infinity":38,"b:93:3:93:Infinity:93:3:93:Infinity:93:3:93:Infinity":10,"s:95:9:103:3":39,"s:103:3:103:Infinity":40,"s:103:3:95:Infinity":41},"fnNames":{}}}
,"C:\\Users\\sistemas\\Documents\\React_Estudio\\gif-finder\\src\\shared\\components\\CustosHeader.tsx": {"path":"C:\\Users\\sistemas\\Documents\\React_Estudio\\gif-finder\\src\\shared\\components\\CustosHeader.tsx","statementMap":{"0":{"start":{"line":15,"column":13},"end":{"line":22,"column":null}},"1":{"start":{"line":15,"column":28},"end":{"line":15,"column":29}},"2":{"start":{"line":15,"column":29},"end":{"line":15,"column":58}},"3":{"start":{"line":15,"column":58},"end":{"line":18,"column":null}},"4":{"start":{"line":18,"column":6},"end":{"line":18,"column":null}},"5":{"start":{"line":18,"column":22},"end":{"line":18,"column":null}},"6":{"start":{"line":18,"column":22},"end":{"line":20,"column":null}},"7":{"start":{"line":20,"column":8},"end":{"line":20,"column":46}},"8":{"start":{"line":20,"column":46},"end":{"line":20,"column":null}},"9":{"start":{"line":20,"column":46},"end":{"line":22,"column":null}},"10":{"start":{"line":17,"column":4},"end":{"line":22,"column":null}},"11":{"start":{"line":22,"column":11},"end":{"line":22,"column":null}},"12":{"start":{"line":22,"column":11},"end":{"line":17,"column":19}}},"fnMap":{"0":{"name":"(anonymous_0)","decl":{"start":{"line":15,"column":13},"end":{"line":15,"column":28}},"loc":{"start":{"line":15,"column":28},"end":{"line":22,"column":null}},"line":15}},"branchMap":{"0":{"loc":{"start":{"line":15,"column":58},"end":{"line":18,"column":null}},"type":"if","locations":[{"start":{"line":15,"column":58},"end":{"line":18,"column":null}},{"start":{"line":18,"column":22},"end":{"line":18,"column":null}}],"line":15},"1":{"loc":{"start":{"line":18,"column":22},"end":{"line":20,"column":null}},"type":"if","locations":[{"start":{"line":18,"column":22},"end":{"line":20,"column":null}},{"start":{"line":20,"column":46},"end":{"line":20,"column":null}}],"line":18},"2":{"loc":{"start":{"line":20,"column":8},"end":{"line":20,"column":46}},"type":"binary-expr","locations":[{"start":{"line":20,"column":8},"end":{"line":20,"column":24}},{"start":{"line":20,"column":24},"end":{"line":20,"column":46}}],"line":20},"3":{"loc":{"start":{"line":20,"column":46},"end":{"line":22,"column":null}},"type":"if","locations":[{"start":{"line":20,"column":46},"end":{"line":22,"column":null}},{"start":{"line":22,"column":11},"end":{"line":22,"column":null}}],"line":20},"4":{"loc":{"start":{"line":20,"column":46},"end":{"line":20,"column":null}},"type":"binary-expr","locations":[{"start":{"line":20,"column":46},"end":{"line":20,"column":null}},{"start":{"line":20,"column":46},"end":{"line":20,"column":null}}],"line":20}},"s":{"0":2,"1":4,"2":4,"3":4,"4":4,"5":0,"6":4,"7":4,"8":0,"9":4,"10":4,"11":0,"12":4},"f":{"0":4},"b":{"0":[4,0],"1":[4,0],"2":[4,2],"3":[4,0],"4":[4,0]},"meta":{"lastBranch":5,"lastFunction":1,"lastStatement":13,"seen":{"s:15:13:22:Infinity":0,"f:15:13:15:28":0,"s:15:28:15:29":1,"s:15:29:15:58":2,"b:15:58:18:Infinity:18:22:18:Infinity":0,"s:15:58:18:Infinity":3,"s:18:6:18:Infinity":4,"s:18:22:18:Infinity":5,"b:18:22:20:Infinity:20:46:20:Infinity":1,"s:18:22:20:Infinity":6,"s:20:8:20:46":7,"b:20:8:20:24:20:24:20:46":2,"s:20:46:20:Infinity":8,"b:20:46:22:Infinity:22:11:22:Infinity":3,"s:20:46:22:Infinity":9,"b:20:46:20:Infinity:20:46:20:Infinity":4,"s:17:4:22:Infinity":10,"s:22:11:22:Infinity":11,"s:22:11:17:19":12},"fnNames":{}}}
,"C:\\Users\\sistemas\\Documents\\React_Estudio\\gif-finder\\src\\shared\\components\\SearchBar.tsx": {"path":"C:\\Users\\sistemas\\Documents\\React_Estudio\\gif-finder\\src\\shared\\components\\SearchBar.tsx","statementMap":{"0":{"start":{"line":17,"column":13},"end":{"line":72,"column":null}},"1":{"start":{"line":17,"column":25},"end":{"line":17,"column":26}},"2":{"start":{"line":17,"column":26},"end":{"line":17,"column":28}},"3":{"start":{"line":17,"column":28},"end":{"line":17,"column":null}},"4":{"start":{"line":23,"column":2},"end":{"line":23,"column":40}},"5":{"start":{"line":23,"column":40},"end":{"line":43,"column":22}},"6":{"start":{"line":34,"column":12},"end":{"line":42,"column":null}},"7":{"start":{"line":35,"column":22},"end":{"line":38,"column":11}},"8":{"start":{"line":36,"column":6},"end":{"line":36,"column":null}},"9":{"start":{"line":37,"column":6},"end":{"line":37,"column":18}},"10":{"start":{"line":38,"column":11},"end":{"line":41,"column":null}},"11":{"start":{"line":41,"column":6},"end":{"line":41,"column":29}},"12":{"start":{"line":43,"column":5},"end":{"line":43,"column":21}},"13":{"start":{"line":43,"column":21},"end":{"line":43,"column":22}},"14":{"start":{"line":34,"column":2},"end":{"line":43,"column":22}},"15":{"start":{"line":43,"column":22},"end":{"line":50,"column":null}},"16":{"start":{"line":48,"column":23},"end":{"line":49,"column":null}},"17":{"start":{"line":49,"column":4},"end":{"line":49,"column":18}},"18":{"start":{"line":50,"column":3},"end":{"line":50,"column":null}},"19":{"start":{"line":48,"column":23},"end":{"line":48,"column":null}},"20":{"start":{"line":50,"column":3},"end":{"line":60,"column":null}},"21":{"start":{"line":56,"column":24},"end":{"line":59,"column":null}},"22":{"start":{"line":57,"column":4},"end":{"line":58,"column":null}},"23":{"start":{"line":58,"column":6},"end":{"line":58,"column":20}},"24":{"start":{"line":60,"column":3},"end":{"line":60,"column":null}},"25":{"start":{"line":56,"column":24},"end":{"line":56,"column":null}},"26":{"start":{"line":60,"column":3},"end":{"line":68,"column":null}},"27":{"start":{"line":68,"column":18},"end":{"line":68,"column":57}},"28":{"start":{"line":68,"column":29},"end":{"line":68,"column":57}},"29":{"start":{"line":68,"column":57},"end":{"line":68,"column":null}},"30":{"start":{"line":68,"column":57},"end":{"line":70,"column":null}},"31":{"start":{"line":64,"column":6},"end":{"line":69,"column":null}},"32":{"start":{"line":70,"column":8},"end":{"line":70,"column":null}},"33":{"start":{"line":70,"column":8},"end":{"line":71,"column":null}},"34":{"start":{"line":71,"column":6},"end":{"line":71,"column":null}},"35":{"start":{"line":71,"column":52},"end":{"line":71,"column":null}},"36":{"start":{"line":71,"column":52},"end":{"line":72,"column":null}},"37":{"start":{"line":63,"column":4},"end":{"line":72,"column":null}},"38":{"start":{"line":72,"column":10},"end":{"line":72,"column":null}},"39":{"start":{"line":72,"column":10},"end":{"line":63,"column":19}}},"fnMap":{"0":{"name":"(anonymous_0)","decl":{"start":{"line":17,"column":13},"end":{"line":17,"column":25}},"loc":{"start":{"line":17,"column":25},"end":{"line":72,"column":null}},"line":17},"1":{"name":"(anonymous_1)","decl":{"start":{"line":34,"column":12},"end":{"line":34,"column":null}},"loc":{"start":{"line":34,"column":12},"end":{"line":42,"column":null}},"line":34},"2":{"name":"(anonymous_2)","decl":{"start":{"line":35,"column":22},"end":{"line":35,"column":33}},"loc":{"start":{"line":35,"column":33},"end":{"line":37,"column":null}},"line":35},"3":{"name":"(anonymous_3)","decl":{"start":{"line":38,"column":11},"end":{"line":38,"column":null}},"loc":{"start":{"line":40,"column":11},"end":{"line":41,"column":null}},"line":40},"4":{"name":"(anonymous_4)","decl":{"start":{"line":48,"column":23},"end":{"line":48,"column":null}},"loc":{"start":{"line":48,"column":23},"end":{"line":49,"column":null}},"line":48},"5":{"name":"(anonymous_5)","decl":{"start":{"line":56,"column":24},"end":{"line":56,"column":null}},"loc":{"start":{"line":56,"column":24},"end":{"line":59,"column":null}},"line":56},"6":{"name":"(anonymous_6)","decl":{"start":{"line":68,"column":18},"end":{"line":68,"column":29}},"loc":{"start":{"line":68,"column":29},"end":{"line":68,"column":57}},"line":68}},"branchMap":{"0":{"loc":{"start":{"line":17,"column":28},"end":{"line":17,"column":null}},"type":"cond-expr","locations":[{"start":{"line":17,"column":28},"end":{"line":17,"column":null}},{"start":{"line":17,"column":28},"end":{"line":17,"column":null}}],"line":17},"1":{"loc":{"start":{"line":23,"column":40},"end":{"line":43,"column":22}},"type":"if","locations":[{"start":{"line":23,"column":40},"end":{"line":43,"column":22}},{"start":{"line":43,"column":21},"end":{"line":43,"column":22}}],"line":23},"2":{"loc":{"start":{"line":23,"column":40},"end":{"line":23,"column":null}},"type":"binary-expr","locations":[{"start":{"line":23,"column":40},"end":{"line":23,"column":null}},{"start":{"line":23,"column":40},"end":{"line":23,"column":null}}],"line":23},"3":{"loc":{"start":{"line":43,"column":22},"end":{"line":50,"column":null}},"type":"if","locations":[{"start":{"line":43,"column":22},"end":{"line":50,"column":null}},{"start":{"line":50,"column":3},"end":{"line":50,"column":null}}],"line":43},"4":{"loc":{"start":{"line":43,"column":22},"end":{"line":43,"column":null}},"type":"binary-expr","locations":[{"start":{"line":43,"column":22},"end":{"line":43,"column":null}},{"start":{"line":43,"column":22},"end":{"line":43,"column":null}}],"line":43},"5":{"loc":{"start":{"line":50,"column":3},"end":{"line":60,"column":null}},"type":"if","locations":[{"start":{"line":50,"column":3},"end":{"line":60,"column":null}},{"start":{"line":60,"column":3},"end":{"line":60,"column":null}}],"line":50},"6":{"loc":{"start":{"line":57,"column":4},"end":{"line":58,"column":null}},"type":"if","locations":[{"start":{"line":57,"column":4},"end":{"line":58,"column":null}},{"start":{},"end":{}}],"line":57},"7":{"loc":{"start":{"line":60,"column":3},"end":{"line":68,"column":null}},"type":"if","locations":[{"start":{"line":60,"column":3},"end":{"line":68,"column":null}},{"start":{"line":68,"column":57},"end":{"line":68,"column":null}}],"line":60},"8":{"loc":{"start":{"line":68,"column":57},"end":{"line":70,"column":null}},"type":"if","locations":[{"start":{"line":68,"column":57},"end":{"line":70,"column":null}},{"start":{"line":70,"column":8},"end":{"line":70,"column":null}}],"line":68},"9":{"loc":{"start":{"line":68,"column":57},"end":{"line":68,"column":null}},"type":"binary-expr","locations":[{"start":{"line":68,"column":57},"end":{"line":68,"column":null}},{"start":{"line":68,"column":57},"end":{"line":68,"column":null}},{"start":{"line":68,"column":57},"end":{"line":68,"column":null}}],"line":68},"10":{"loc":{"start":{"line":70,"column":8},"end":{"line":71,"column":null}},"type":"if","locations":[{"start":{"line":70,"column":8},"end":{"line":71,"column":null}},{"start":{"line":71,"column":52},"end":{"line":71,"column":null}}],"line":70},"11":{"loc":{"start":{"line":71,"column":52},"end":{"line":72,"column":null}},"type":"if","locations":[{"start":{"line":71,"column":52},"end":{"line":72,"column":null}},{"start":{"line":72,"column":10},"end":{"line":72,"column":null}}],"line":71},"12":{"loc":{"start":{"line":71,"column":52},"end":{"line":71,"column":null}},"type":"binary-expr","locations":[{"start":{"line":71,"column":52},"end":{"line":71,"column":null}},{"start":{"line":71,"column":52},"end":{"line":71,"column":null}}],"line":71}},"s":{"0":2,"1":12,"2":12,"3":12,"4":12,"5":12,"6":12,"7":12,"8":2,"9":2,"10":12,"11":12,"12":12,"13":0,"14":12,"15":12,"16":12,"17":1,"18":0,"19":12,"20":12,"21":12,"22":0,"23":0,"24":0,"25":12,"26":12,"27":6,"28":4,"29":6,"30":12,"31":12,"32":0,"33":12,"34":12,"35":0,"36":12,"37":12,"38":0,"39":12},"f":{"0":12,"1":12,"2":2,"3":12,"4":1,"5":0,"6":4},"b":{"0":[10,2],"1":[12,0],"2":[12,6],"3":[12,0],"4":[12,6],"5":[12,0],"6":[0,0],"7":[6,6],"8":[12,0],"9":[12,0,0],"10":[12,0],"11":[12,0],"12":[12,0]},"meta":{"lastBranch":13,"lastFunction":7,"lastStatement":40,"seen":{"s:17:13:72:Infinity":0,"f:17:13:17:25":0,"s:17:25:17:26":1,"s:17:26:17:28":2,"s:17:28:17:Infinity":3,"b:17:28:17:Infinity:17:28:17:Infinity":0,"s:23:2:23:40":4,"b:23:40:43:22:43:21:43:22":1,"s:23:40:43:22":5,"b:23:40:23:Infinity:23:40:23:Infinity":2,"s:34:12:42:Infinity":6,"f:34:12:34:Infinity":1,"s:35:22:38:11":7,"f:35:22:35:33":2,"s:36:6:36:Infinity":8,"s:37:6:37:18":9,"s:38:11:41:Infinity":10,"f:38:11:38:Infinity":3,"s:41:6:41:29":11,"s:43:5:43:21":12,"s:43:21:43:22":13,"s:34:2:43:22":14,"b:43:22:50:Infinity:50:3:50:Infinity":3,"s:43:22:50:Infinity":15,"b:43:22:43:Infinity:43:22:43:Infinity":4,"s:48:23:49:Infinity":16,"f:48:23:48:Infinity":4,"s:49:4:49:18":17,"s:50:3:50:Infinity":18,"s:48:23:48:Infinity":19,"b:50:3:60:Infinity:60:3:60:Infinity":5,"s:50:3:60:Infinity":20,"s:56:24:59:Infinity":21,"f:56:24:56:Infinity":5,"b:57:4:58:Infinity:undefined:undefined:undefined:undefined":6,"s:57:4:58:Infinity":22,"s:58:6:58:20":23,"s:60:3:60:Infinity":24,"s:56:24:56:Infinity":25,"b:60:3:68:Infinity:68:57:68:Infinity":7,"s:60:3:68:Infinity":26,"s:68:18:68:57":27,"f:68:18:68:29":6,"s:68:29:68:57":28,"s:68:57:68:Infinity":29,"b:68:57:70:Infinity:70:8:70:Infinity":8,"s:68:57:70:Infinity":30,"b:68:57:68:Infinity:68:57:68:Infinity:68:57:68:Infinity":9,"s:64:6:69:Infinity":31,"s:70:8:70:Infinity":32,"b:70:8:71:Infinity:71:52:71:Infinity":10,"s:70:8:71:Infinity":33,"s:71:6:71:Infinity":34,"s:71:52:71:Infinity":35,"b:71:52:72:Infinity:72:10:72:Infinity":11,"s:71:52:72:Infinity":36,"b:71:52:71:Infinity:71:52:71:Infinity":12,"s:63:4:72:Infinity":37,"s:72:10:72:Infinity":38,"s:72:10:63:19":39},"fnNames":{}}}
,"C:\\Users\\sistemas\\Documents\\React_Estudio\\gif-finder\\test\\mock\\giphy.response.data.ts": {"path":"C:\\Users\\sistemas\\Documents\\React_Estudio\\gif-finder\\test\\mock\\giphy.response.data.ts","statementMap":{"0":{"start":{"line":1,"column":39},"end":{"line":4948,"column":null}}},"fnMap":{},"branchMap":{},"s":{"0":1},"f":{},"b":{},"meta":{"lastBranch":0,"lastFunction":0,"lastStatement":1,"seen":{"s:1:39:4948:Infinity":0},"fnNames":{}}}
}
